<?xml version="1.0" encoding="UTF-8"?>
<!-- Generated by org.testng.reporters.JUnitReportReporter -->
<testsuite skipped="0" hostname="PC391477" name="com.CucumberCraft.TestNGrunners.RunCucumberTests_Smoke" tests="1" failures="0" timestamp="27 Aug 2018 11:33:38 GMT" time="96.203" errors="0">
  <testcase name="Regression Tests of MOVE in iOS Perfecto for iPhone 7 - feature - " time="96.203" classname="com.CucumberCraft.TestNGrunners.RunCucumberTests_Smoke"/>
</testsuite> <!-- com.CucumberCraft.TestNGrunners.RunCucumberTests_Smoke -->
