<?xml version="1.0" encoding="UTF-8"?>
<testsuite xmlns:xsi="http://www.w3.org/2001/XMLSchema-instance" xsi:noNamespaceSchemaLocation="https://maven.apache.org/surefire/maven-surefire-plugin/xsd/surefire-test-report.xsd" name="TestSuite" time="32.157" tests="1" errors="0" skipped="0" failures="1">
  <properties>
    <property name="java.runtime.name" value="Java(TM) SE Runtime Environment"/>
    <property name="sun.boot.library.path" value="C:\Program Files\Java\jdk1.8.0_141\jre\bin"/>
    <property name="java.vm.version" value="25.141-b15"/>
    <property name="java.vm.vendor" value="Oracle Corporation"/>
    <property name="maven.multiModuleProjectDirectory" value="C:\Users\716676\git\CraftCucmber\CucumberCraft"/>
    <property name="java.vendor.url" value="http://java.oracle.com/"/>
    <property name="path.separator" value=";"/>
    <property name="guice.disable.misplaced.annotation.check" value="true"/>
    <property name="java.vm.name" value="Java HotSpot(TM) 64-Bit Server VM"/>
    <property name="file.encoding.pkg" value="sun.io"/>
    <property name="user.script" value=""/>
    <property name="user.country" value="US"/>
    <property name="sun.java.launcher" value="SUN_STANDARD"/>
    <property name="sun.os.patch.level" value=""/>
    <property name="java.vm.specification.name" value="Java Virtual Machine Specification"/>
    <property name="user.dir" value="C:\Users\716676\git\CraftCucmber\CucumberCraft"/>
    <property name="java.runtime.version" value="1.8.0_141-b15"/>
    <property name="java.awt.graphicsenv" value="sun.awt.Win32GraphicsEnvironment"/>
    <property name="java.endorsed.dirs" value="C:\Program Files\Java\jdk1.8.0_141\jre\lib\endorsed"/>
    <property name="os.arch" value="amd64"/>
    <property name="java.io.tmpdir" value="C:\Users\716676\AppData\Local\Temp\"/>
    <property name="line.separator" value="&#10;"/>
    <property name="java.vm.specification.vendor" value="Oracle Corporation"/>
    <property name="user.variant" value=""/>
    <property name="os.name" value="Windows 10"/>
    <property name="classworlds.conf" value="C:\Users\716676\eclipse-workspace-AA\.metadata\.plugins\org.eclipse.m2e.launching\launches\m2conf3216374287761079215.tmp"/>
    <property name="sun.jnu.encoding" value="Cp1252"/>
    <property name="java.library.path" value="C:\Program Files\Java\jdk1.8.0_141\bin;C:\WINDOWS\Sun\Java\bin;C:\WINDOWS\system32;C:\WINDOWS;C:/Program Files/Java/jre1.8.0_141/bin/server;C:/Program Files/Java/jre1.8.0_141/bin;C:/Program Files/Java/jre1.8.0_141/lib/amd64;C:\Program Files (x86)\RSA SecurID Token Common;C:\Program Files\RSA SecurID Token Common;C:\Program Files (x86)\Common Files\Oracle\Java\javapath;C:\ProgramData\Oracle\Java\javapath;C:\WINDOWS\system32;C:\WINDOWS;C:\WINDOWS\System32\Wbem;C:\WINDOWS\System32\WindowsPowerShell\v1.0\;C:\ProgramData\WebEx\WebEx\Applications;C:\apache-maven-3.5.4\bin;C:\Program Files (x86)\Java\jdk1.8.0_141\bin;C:\Program Files\Git\cmd;C:\gradle-4.10.2-bin\gradle-4.10.2\bin;C:\Program Files\RSA SecurID Token Common\;C:\Users\716676\AppData\Local\GitHubDesktop\bin;C:\gradle-4.10.2-bin\gradle-4.10.2\bin;;D:\eclipse-java-photon-R-win32-x86_64\eclipse;;."/>
    <property name="java.specification.name" value="Java Platform API Specification"/>
    <property name="java.class.version" value="52.0"/>
    <property name="sun.management.compiler" value="HotSpot 64-Bit Tiered Compilers"/>
    <property name="os.version" value="10.0"/>
    <property name="user.home" value="C:\Users\716676"/>
    <property name="user.timezone" value="Asia/Calcutta"/>
    <property name="java.awt.printerjob" value="sun.awt.windows.WPrinterJob"/>
    <property name="java.specification.version" value="1.8"/>
    <property name="file.encoding" value="Cp1252"/>
    <property name="user.name" value="716676"/>
    <property name="java.class.path" value="D:\eclipse-java-photon-R-win32-x86_64\eclipse\plugins\org.eclipse.m2e.maven.runtime_1.9.0.20180606-2035\jars\plexus-classworlds-2.5.2.jar"/>
    <property name="java.vm.specification.version" value="1.8"/>
    <property name="sun.arch.data.model" value="64"/>
    <property name="java.home" value="C:\Program Files\Java\jdk1.8.0_141\jre"/>
    <property name="sun.java.command" value="org.codehaus.plexus.classworlds.launcher.Launcher -B -s C:\apache-maven-3.5.4\conf\settings.xml install"/>
    <property name="java.specification.vendor" value="Oracle Corporation"/>
    <property name="user.language" value="en"/>
    <property name="awt.toolkit" value="sun.awt.windows.WToolkit"/>
    <property name="java.vm.info" value="mixed mode"/>
    <property name="java.version" value="1.8.0_141"/>
    <property name="java.ext.dirs" value="C:\Program Files\Java\jdk1.8.0_141\jre\lib\ext;C:\WINDOWS\Sun\Java\lib\ext"/>
    <property name="sun.boot.class.path" value="C:\Program Files\Java\jdk1.8.0_141\jre\lib\resources.jar;C:\Program Files\Java\jdk1.8.0_141\jre\lib\rt.jar;C:\Program Files\Java\jdk1.8.0_141\jre\lib\sunrsasign.jar;C:\Program Files\Java\jdk1.8.0_141\jre\lib\jsse.jar;C:\Program Files\Java\jdk1.8.0_141\jre\lib\jce.jar;C:\Program Files\Java\jdk1.8.0_141\jre\lib\charsets.jar;C:\Program Files\Java\jdk1.8.0_141\jre\lib\jfr.jar;C:\Program Files\Java\jdk1.8.0_141\jre\classes"/>
    <property name="java.vendor" value="Oracle Corporation"/>
    <property name="maven.home" value="C:\Users\716676\git\CraftCucmber\CucumberCraft\EMBEDDED"/>
    <property name="file.separator" value="\"/>
    <property name="java.vendor.url.bug" value="http://bugreport.sun.com/bugreport/"/>
    <property name="sun.cpu.endian" value="little"/>
    <property name="sun.io.unicode.encoding" value="UnicodeLittle"/>
    <property name="sun.desktop" value="windows"/>
    <property name="sun.cpu.isalist" value="amd64"/>
  </properties>
  <testcase name="feature" classname="com.CucumberCraft.TestNGrunners.RunCucumberTests_Regression" time="28.931">
    <failure message="java.lang.IndexOutOfBoundsException: Index: 0, Size: 0" type="cucumber.runtime.CucumberException">cucumber.runtime.CucumberException: java.lang.IndexOutOfBoundsException: Index: 0, Size: 0
Caused by: java.lang.IndexOutOfBoundsException: Index: 0, Size: 0
</failure>
    <system-out><![CDATA[2018-10-04 16:38:37,273 [TestNG-tests-1] WARN  com.CucumberCraft.supportLibraries.WebDriverListener - Provided method is NOT a TestNG testMethod!!!
Feature: Keywords,Misc. Serarch, Date Search, Partner code
2018-10-04 16:38:38,465 [TestNG-tests-1] INFO  com.CucumberCraft.ExcelReadWrite.ExcelReadWrite - total number of tags used in file are: 2
2018-10-04 16:38:38,465 [TestNG-tests-1] INFO  com.CucumberCraft.ExcelReadWrite.ExcelReadWrite - Tags used are: [@TestId_APS_35, @UserStory_US859349]
2018-10-04 16:38:40,491 [TestNG-tests-1] INFO  com.CucumberCraft.stepDefinitions.CukeHooks - Running the Scenario : Effective date range and to date box date format and two year validation message
2018-10-04 16:38:40,491 [TestNG-tests-1] INFO  com.CucumberCraft.stepDefinitions.CukeHooks - Running the Scenario : Effective date range and to date box date format and two year validation message in LOCAL
2018-10-04 16:38:52,194 [TestNG-tests-1] INFO  com.CucumberCraft.ExcelReadWrite.ExcelReadWrite - Reading Excel file.................................
2018-10-04 16:38:52,194 [TestNG-tests-1] INFO  com.CucumberCraft.ExcelReadWrite.ExcelReadWrite - Reading Excel file......................................
2018-10-04 16:38:52,194 [TestNG-tests-1] INFO  com.CucumberCraft.ExcelReadWrite.ExcelReadWrite - Sucessfully loaded the excel file data from excel file name: Promo_DB_Data.xlsx
2018-10-04 16:38:52,194 [TestNG-tests-1] INFO  com.CucumberCraft.ExcelReadWrite.ExcelReadWrite - Excel file instance is closed..... 
2018-10-04 16:38:52,199 [TestNG-tests-1] INFO  com.CucumberCraft.ExcelReadWrite.ExcelReadWrite - {0=[Test Scenario, TestId, Test cases, TestUrl, Promo Code, jsonPath, Keywords, Keywords1, date, date1, date2], 1=[Promo_PST_TA Search, APS_01, Verify search label name is "Promo/PST/TA Code", https://apt-dev.apps.depaas.qcorpaa.aa.com/], 2=[Promo_PST_TA Search, APS_02, Verify the Search Box have Magnifier glass icon next to it., https://apt-dev.apps.depaas.qcorpaa.aa.com/], 3=[Promo_PST_TA Search, APS_03, Verify "Current Promos only" checkbox is present & is clickable, https://apt-dev.apps.depaas.qcorpaa.aa.com/], 4=[Promo_PST_TA Search, APS_04, Verify the Error message Required, https://apt-dev.apps.depaas.qcorpaa.aa.com/], 5=[Promo_PST_TA Search, APS_05, Verify the Error message "Enter at least 2 characters", https://apt-dev.apps.depaas.qcorpaa.aa.com/, Z], 6=[Promo_PST_TA Search, APS_06, Verify the Error message  "Special characters not allowed", https://apt-dev.apps.depaas.qcorpaa.aa.com/, #$%^], 7=[Promo_PST_TA Search, APS_07, Verify the maximum charater limit of error message "A max of 5 characters can be entered"., https://apt-dev.apps.depaas.qcorpaa.aa.com/, ASWERTY], 8=[Promo_PST_TA Search, APS_08, Verify search button will work only when the user clicks on the magnifying glass., https://apt-dev.apps.depaas.qcorpaa.aa.com/, P468B], 9=[Promo_PST_TA Search, APS_09, Verify search button will be enabled ONLY AFTER there is some user input., https://apt-dev.apps.depaas.qcorpaa.aa.com/, P468B], 10=[Promo_PST_TA Search, APS_10, Verify error message when APT can't connect to any system., https://apt-dev.apps.depaas.qcorpaa.aa.com/, P468B], 11=[Promo_PST_TA Search, APS_11, Verify user is only able to use only one search options, https://apt-dev.apps.depaas.qcorpaa.aa.com/, P468B], 12=[Promo_PST_TA Search, APS_12, Enter  a valid Promo code., https://apt-dev.apps.depaas.qcorpaa.aa.com/, P468B], 13=[Promo_PST_TA Search, APS_13, Enter  a valid PST code., https://apt-dev.apps.depaas.qcorpaa.aa.com/, RDLEP], 14=[Promo_PST_TA Search, APS_14, Enter  a valid TA code., https://apt-dev.apps.depaas.qcorpaa.aa.com/, EHI02], 15=[Promo_PST_TA Search, APS_15, Enter  a invalid Promo code., https://apt-dev.apps.depaas.qcorpaa.aa.com/, ASERT], 16=[Promo_PST_TA Search, APS_16, Enter  a invalid PST code., https://apt-dev.apps.depaas.qcorpaa.aa.com/, ZASER], 17=[Promo_PST_TA Search, APS_17, Enter  a invalid TA code., https://apt-dev.apps.depaas.qcorpaa.aa.com/, ADERT], 18=[Promo_PST_TA Search, APS_18, Select checkbox "Current promos only" after entering Promo/PT/TA code., https://apt-dev.apps.depaas.qcorpaa.aa.com/, EHI02], 19=[UserStory_US859468(Tab name and Sort by : validation), APS_19, Verify tab names on the page, https://apt-dev.apps.depaas.qcorpaa.aa.com/, RR, https://lscs-tst-adv.qcorpaa.aa.com/lscs-static/324/242/3242429b7935f62252338ef8f41d1745/content/pubcontent/en_US/aadvantage-promotions/promotion/RR.json], 20=[UserStory_US859468(Tab name and Sort by : validation), APS_20, Verify the sort dropdown and their value, https://apt-dev.apps.depaas.qcorpaa.aa.com/, RR, https://lscs-tst-adv.qcorpaa.aa.com/lscs-static/324/242/3242429b7935f62252338ef8f41d1745/content/pubcontent/en_US/aadvantage-promotions/promotion/RR.json], 21=[UserStory_US859355(Json and Promo box field validation for multiple or single ), APS_21, Verify fields name in each promobox present on the page, https://apt-dev.apps.depaas.qcorpaa.aa.com/, RR, https://lscs-tst-adv.qcorpaa.aa.com/lscs-static/324/242/3242429b7935f62252338ef8f41d1745/content/pubcontent/en_US/aadvantage-promotions/promotion/RR.json], 22=[UserStory_US859355(Json and Promo box field validation for multiple or single ), APS_22, Verify expand button against promo code and ui fields with respect to Json data, https://apt-dev.apps.depaas.qcorpaa.aa.com/, RR, https://lscs-tst-adv.qcorpaa.aa.com/lscs-static/324/242/3242429b7935f62252338ef8f41d1745/content/pubcontent/en_US/aadvantage-promotions/promotion/RVGLD.json], 23=[UserStory_US859355(Json and Promo box field validation for multiple or single ), APS_23, Verify expand button against promo code for sigle result of  promo code and ui fields with respect to Json data, https://apt-dev.apps.depaas.qcorpaa.aa.com/, RVGLD, https://lscs-tst-adv.qcorpaa.aa.com/lscs-static/324/242/3242429b7935f62252338ef8f41d1745/content/pubcontent/en_US/aadvantage-promotions/promotion/RVGLD.json], 24=[UserStory_US859355(Json and Promo box field validation for multiple or single ), APS_24, Verify expand button against promo code and ui fields with respect to Json data, https://apt-dev.apps.depaas.qcorpaa.aa.com/, RDLEP, https://lscs-tst-adv.qcorpaa.aa.com/lscs-static/324/242/3242429b7935f62252338ef8f41d1745/content/pubcontent/en_US/aadvantage-promotions/promotion/RDLEP.json], 25=[UserStory_US859355(Json and Promo box field validation for multiple or single ), APS_25, Verify expand button against promo code and ui fields with respect to Json data, https://apt-dev.apps.depaas.qcorpaa.aa.com/, RHVGL, https://lscs-tst-adv.qcorpaa.aa.com/lscs-static/324/242/3242429b7935f62252338ef8f41d1745/content/pubcontent/en_US/aadvantage-promotions/promotion/RHVGL.json], 26=[UserStory_US859355(Json and Promo box field validation for multiple or single ), APS_26, Verify expand button against promo code and ui fields with respect to Json data, https://apt-dev.apps.depaas.qcorpaa.aa.com/, RHVEP, https://lscs-tst-adv.qcorpaa.aa.com/lscs-static/324/242/3242429b7935f62252338ef8f41d1745/content/pubcontent/en_US/aadvantage-promotions/promotion/RHVEP.json], 27=[UserStory_US859355(Json and Promo box field validation for multiple or single ), APS_27, Verify expand button against promo code and ui fields with respect to Json data, https://apt-dev.apps.depaas.qcorpaa.aa.com/, CKEL6, https://lscs-tst-adv.qcorpaa.aa.com/lscs-static/324/242/3242429b7935f62252338ef8f41d1745/content/pubcontent/en_US/aadvantage-promotions/promotion/CKEL6.json], 28=[UserStory_US859355(Json and Promo box field validation for multiple or single ), APS_28, Verify expand button against promo code and ui fields with respect to Json data, https://apt-dev.apps.depaas.qcorpaa.aa.com/, CKEL6, https://lscs-tst-adv.qcorpaa.aa.com/lscs-static/324/242/3242429b7935f62252338ef8f41d1745/content/pubcontent/en_US/aadvantage-promotions/promotion/CKEL6.json], 29=[UserStory_US859355(Json and Promo box field validation for multiple or single ), APS_29, Verify expand button against promo code and ui fields with respect to Json data, https://apt-dev.apps.depaas.qcorpaa.aa.com/, CKEL6, https://lscs-tst-adv.qcorpaa.aa.com/lscs-static/324/242/3242429b7935f62252338ef8f41d1745/content/pubcontent/en_US/aadvantage-promotions/promotion/CKEL6.json], 30=[UserStory_US880513(Expanded PromoBox fileds Validation), APS_30, Verify the field in the expanded promo box in Search result page , https://apt-dev.apps.depaas.qcorpaa.aa.com/, CKEL6], 31=[UserStory_US859349(“Keywords, Date Range, Misc Search UI Component”), APS_31, Validate the fields and filed names , https://apt-dev.apps.depaas.qcorpaa.aa.com/], 32=[UserStory_US859349(“Keywords, Date Range, Misc Search UI Component”), APS_32, Validating message of the Keywords Text box, https://apt-dev.apps.depaas.qcorpaa.aa.com/, #$@sdf, NA, 1234567890asadgadggiufgfagfa1213132dgasdgasdgfgadasdgyffgasfgsfgsgfsfs1213124234ggadasdgasgf123234g234adgascbasjcgdrereertretdfgdfgfhfhgfjtyuytuytutytyrtrtrrerwerwerwer4545465465454fgdfgdgdghdfhfghfgjhghjghjghjhgdgdfggdfgdfgfhfghgfjhgjhgjbfdvdffdfsdfsdfsdfdfgertretrtrttyr655675rthgtrhtfhytutyuhfgbfg12, HV38M,HV38P,HV38T,HVL8G,CKEL1, RVPLT], 33=[UserStory_US859349(“Keywords, Date Range, Misc Search UI Component”), APS_33, Adding and removing keywords , https://apt-dev.apps.depaas.qcorpaa.aa.com/, NA, NA, NA, HV38M,HV38P,HV38T,HVL8G,CKEL1, RVPLT], 34=[UserStory_US859349(“Keywords, Date Range, Misc Search UI Component”), APS_34, Effective date range and to date box date format and two year validation message, https://apt-dev.apps.depaas.qcorpaa.aa.com/, NA, NA, NA, NA, 21/01/2018, 13/18/2018, 09/26/2016], 35=[UserStory_US859349(“Keywords, Date Range, Misc Search UI Component”), APS_35, Effective date range and to date box date format and two year validation message, https://apt-dev.apps.depaas.qcorpaa.aa.com/], 36=[UserStory_US859349(“Keywords, Date Range, Misc Search UI Component”), APS_36, Miscelaneous fileld, https://apt-dev.apps.depaas.qcorpaa.aa.com/], 37=[UserStory_US859349(“Keywords, Date Range, Misc Search UI Component”), APS_37,  Partner codes, https://apt-dev.apps.depaas.qcorpaa.aa.com/], 38=[UserStory_US859349(“Keywords, Date Range, Misc Search UI Component”), APS_38, Search button, https://apt-dev.apps.depaas.qcorpaa.aa.com/], 39=[UserStory_US859349(“Keywords, Date Range, Misc Search UI Component”), APS_39, clear all button, https://apt-dev.apps.depaas.qcorpaa.aa.com/, NA, NA, HV38M, NA, 09/26/2017, 09/26/2018], 40=[]}
2018-10-04 16:38:52,200 [TestNG-tests-1] INFO  com.CucumberCraft.ExcelReadWrite.ExcelReadWrite - File data is sucessfully loaded to the feature file
2018-10-04 16:38:53,621 [TestNG-tests-1] INFO  com.CucumberCraft.Screenshot.ScreenshotTaker - creating browser session having session id: c771c2b12af7865dac1615556a39aa41
2018-10-04 16:38:53,648 [TestNG-tests-1] INFO  com.CucumberCraft.Screenshot.EventHandler - Navigating to new page from  : 
2018-10-04 16:38:55,272 [TestNG-tests-1] INFO  com.CucumberCraft.Screenshot.EventHandler - Navigated to: https://apt-dev.apps.depaas.qcorpaa.aa.com/ using: chrome version: 67.0.3396.79
2018-10-04 16:38:55,316 [TestNG-tests-1] INFO  com.CucumberCraft.Screenshot.ScreenshotTaker - creating browser session having session id: c771c2b12af7865dac1615556a39aa41
2018-10-04 16:38:55,342 [TestNG-tests-1] INFO  com.CucumberCraft.Screenshot.EventHandler - finding element on the page  : apt-dev.apps.depaas.qcorpaa.aa.com
2018-10-04 16:39:05,889 [TestNG-tests-1] INFO  com.CucumberCraft.Screenshot.EventHandler - Webelement is located on page : apt-dev.apps.depaas.qcorpaa.aa.com
2018-10-04 16:39:05,915 [TestNG-tests-1] WARN  com.CucumberCraft.Screenshot.ImageToPdf - Created pdf .....
2018-10-04 16:39:05,915 [TestNG-tests-1] WARN  com.CucumberCraft.Screenshot.ImageToPdf - Created pdf .....
2018-10-04 16:39:05,916 [TestNG-tests-1] WARN  com.CucumberCraft.Screenshot.ImageToPdf - Created pdf .....
2018-10-04 16:39:06,097 [TestNG-tests-1] INFO  com.CucumberCraft.stepDefinitions.CukeHooks - Test case status : failed
2018-10-04 16:39:06,098 [TestNG-tests-1] INFO  com.CucumberCraft.stepDefinitions.CukeHooks - "Effective date range and to date box date format and two year validation message" testing completed
2018-10-04 16:39:06,160 [TestNG-tests-1] INFO  com.CucumberCraft.stepDefinitions.CukeHooks - closing all opened session of browser :[c771c2b12af7865dac1615556a39aa41]
2018-10-04 16:39:07,133 [TestNG-tests-1] INFO  com.CucumberCraft.stepDefinitions.CukeHooks - closing session c771c2b12af7865dac1615556a39aa41 of browser

  @TestId_APS_35 @UserStory_US859349
  Scenario: Effective date range and to date box date format and two year validation message          # UserStory_US859349.feature:78
    Given user loads the data from "excel" located at "src\test\resources\Fixture\Promo_DB_Data.xlsx" # Browser_Excel_StepDef.user_loads_the_data_from_located_at(String,String)
    Then user launches browser with url "#TestUrl"                                                    # Browser_Excel_StepDef.user_launches_browser_with_url(String)
    And user click on the calendar button in textbox named " Effective date range "                   # UserStory_US859349.user_click_on_the_calendar_button_in_textbox_named(String)
      java.lang.IndexOutOfBoundsException: Index: 0, Size: 0
      	at java.util.ArrayList.rangeCheck(ArrayList.java:653)
      	at java.util.ArrayList.get(ArrayList.java:429)
      	at com.CucumberCraft.stepDefinitions.UserStory_US859349.user_click_on_the_calendar_button_in_textbox_named(UserStory_US859349.java:116)
      	at ?.And user click on the calendar button in textbox named " Effective date range "(UserStory_US859349.feature:81)

    And select date from the calendar with month "09" date "26" year "2017"                           # UserStory_US859349.select_date_from_the_calendar_with_month_date_year(String,String,String)
    And user click on the calendar button in textbox named " to "                                     # UserStory_US859349.user_click_on_the_calendar_button_in_textbox_named(String)
    And select date from the calendar with month "09" date "26" year "2018"                           # UserStory_US859349.select_date_from_the_calendar_with_month_date_year(String,String,String)
    And user click on the calendar button in textbox named " Effective date range "                   # UserStory_US859349.user_click_on_the_calendar_button_in_textbox_named(String)
    And user click on "previous" in calendar                                                          # UserStory_US859349.user_click_on_in_calendar(String)
    And user click on "next" in calendar                                                              # UserStory_US859349.user_click_on_in_calendar(String)
]]></system-out>
    <system-err><![CDATA[Starting ChromeDriver 2.41.578737 (49da6702b16031c40d63e5618de03a32ff6c197e) on port 5476
Only local connections are allowed.
Oct 04, 2018 4:38:49 PM org.openqa.selenium.remote.ProtocolHandshake createSession
INFO: Detected dialect: OSS
java.io.FileNotFoundException: C:\Users\716676\git\CraftCucmber\CucumberCraft\target\cucumber-report\screenshot\TestId_APS_35_Thu_Oct_04_16_39_06_IST_2018.pdf (The system cannot find the path specified)
	at java.io.FileOutputStream.open0(Native Method)
	at java.io.FileOutputStream.open(FileOutputStream.java:270)
	at java.io.FileOutputStream.<init>(FileOutputStream.java:213)
	at java.io.FileOutputStream.<init>(FileOutputStream.java:101)
	at com.CucumberCraft.Screenshot.ImageToPdf.createPdf(ImageToPdf.java:62)
	at com.CucumberCraft.stepDefinitions.CukeHooks.embedScreenshot(CukeHooks.java:133)
	at sun.reflect.NativeMethodAccessorImpl.invoke0(Native Method)
	at sun.reflect.NativeMethodAccessorImpl.invoke(NativeMethodAccessorImpl.java:62)
	at sun.reflect.DelegatingMethodAccessorImpl.invoke(DelegatingMethodAccessorImpl.java:43)
	at java.lang.reflect.Method.invoke(Method.java:498)
	at cucumber.runtime.Utils$1.call(Utils.java:40)
	at cucumber.runtime.Timeout.timeout(Timeout.java:16)
	at cucumber.runtime.Utils.invoke(Utils.java:34)
	at cucumber.runtime.java.JavaHookDefinition.execute(JavaHookDefinition.java:60)
	at cucumber.runtime.Runtime.runHookIfTagsMatch(Runtime.java:224)
	at cucumber.runtime.Runtime.runHooks(Runtime.java:212)
	at cucumber.runtime.Runtime.runAfterHooks(Runtime.java:206)
	at cucumber.runtime.model.CucumberScenario.run(CucumberScenario.java:46)
	at cucumber.runtime.model.CucumberFeature.run(CucumberFeature.java:165)
	at cucumber.api.testng.TestNGCucumberRunner.runCucumber(TestNGCucumberRunner.java:63)
	at cucumber.api.testng.AbstractTestNGCucumberTests.feature(AbstractTestNGCucumberTests.java:21)
	at sun.reflect.NativeMethodAccessorImpl.invoke0(Native Method)
	at sun.reflect.NativeMethodAccessorImpl.invoke(NativeMethodAccessorImpl.java:62)
	at sun.reflect.DelegatingMethodAccessorImpl.invoke(DelegatingMethodAccessorImpl.java:43)
	at java.lang.reflect.Method.invoke(Method.java:498)
	at org.testng.internal.MethodInvocationHelper.invokeMethod(MethodInvocationHelper.java:108)
	at org.testng.internal.Invoker.invokeMethod(Invoker.java:661)
	at org.testng.internal.Invoker.invokeTestMethod(Invoker.java:869)
	at org.testng.internal.Invoker.invokeTestMethods(Invoker.java:1193)
	at org.testng.internal.TestMethodWorker.invokeTestMethods(TestMethodWorker.java:126)
	at org.testng.internal.TestMethodWorker.run(TestMethodWorker.java:109)
	at org.testng.TestRunner.privateRun(TestRunner.java:744)
	at org.testng.TestRunner.run(TestRunner.java:602)
	at org.testng.SuiteRunner.runTest(SuiteRunner.java:380)
	at org.testng.SuiteRunner.access$000(SuiteRunner.java:39)
	at org.testng.SuiteRunner$SuiteWorker.run(SuiteRunner.java:414)
	at org.testng.internal.thread.ThreadUtil$1.call(ThreadUtil.java:52)
	at java.util.concurrent.FutureTask.run(FutureTask.java:266)
	at java.util.concurrent.ThreadPoolExecutor.runWorker(ThreadPoolExecutor.java:1149)
	at java.util.concurrent.ThreadPoolExecutor$Worker.run(ThreadPoolExecutor.java:624)
	at java.lang.Thread.run(Thread.java:748)
]]></system-err>
  </testcase>
</testsuite>