<?xml version="1.0" encoding="UTF-8"?>
<!-- Generated by org.testng.reporters.JUnitReportReporter -->
<testsuite skipped="0" hostname="PC391477" name="com.CucumberCraft.TestNGrunners.RunCucumberTests_Smoke" tests="1" failures="0" timestamp="15 Oct 2018 10:21:56 GMT" time="125.091" errors="0">
  <testcase name="feature" time="125.091" classname="com.CucumberCraft.TestNGrunners.RunCucumberTests_Smoke"/>
</testsuite> <!-- com.CucumberCraft.TestNGrunners.RunCucumberTests_Smoke -->
