<?xml version="1.0" encoding="UTF-8"?>
<!-- Generated by org.testng.reporters.JUnitReportReporter -->
<testsuite skipped="0" hostname="Ajit-PC" name="com.CucumberCraft.TestNGrunners.RunCucumberTests_Smoke" tests="1" failures="0" timestamp="23 Oct 2018 06:50:04 GMT" time="36.814" errors="0">
  <testcase name="feature" time="36.814" classname="com.CucumberCraft.TestNGrunners.RunCucumberTests_Smoke"/>
</testsuite> <!-- com.CucumberCraft.TestNGrunners.RunCucumberTests_Smoke -->
